#
# There is insufficient memory for the Java Runtime Environment to continue.
# Native memory allocation (malloc) failed to allocate 32784 bytes for Chunk::new
# Possible reasons:
#   The system is out of physical RAM or swap space
#   In 32 bit mode, the process size limit was hit
# Possible solutions:
#   Reduce memory load on the system
#   Increase physical memory or swap space
#   Check if swap backing store is full
#   Use 64 bit Java on a 64 bit OS
#   Decrease Java heap size (-Xmx/-Xms)
#   Decrease number of Java threads
#   Decrease Java thread stack sizes (-Xss)
#   Set larger code cache with -XX:ReservedCodeCacheSize=
# This output file may be truncated or incomplete.
#
#  Out of Memory Error (allocation.cpp:390), pid=17016, tid=15960
#
# JRE version: Java(TM) SE Runtime Environment (8.0_31-b13) (build 1.8.0_31-b13)
# Java VM: Java HotSpot(TM) 64-Bit Server VM (25.31-b07 mixed mode windows-amd64 compressed oops)
# Failed to write core dump. Minidumps are not enabled by default on client versions of Windows
#

---------------  T H R E A D  ---------------

Current thread (0x000000001429c000):  JavaThread "C2 CompilerThread0" daemon [_thread_in_native, id=15960, stack(0x0000000015800000,0x0000000015900000)]

Stack: [0x0000000015800000,0x0000000015900000]
Native frames: (J=compiled Java code, j=interpreted, Vv=VM code, C=native code)
V  [jvm.dll+0x3169ba]
V  [jvm.dll+0x2674c3]
V  [jvm.dll+0x268103]
V  [jvm.dll+0x25f8f5]
V  [jvm.dll+0xbf025]
V  [jvm.dll+0xbf4cc]
V  [jvm.dll+0xbf774]
V  [jvm.dll+0x4cfb00]
V  [jvm.dll+0x4e6e10]
V  [jvm.dll+0x452aca]
V  [jvm.dll+0x454124]
V  [jvm.dll+0x437c62]
V  [jvm.dll+0x988e2]
V  [jvm.dll+0x990d3]
V  [jvm.dll+0x22c194]
V  [jvm.dll+0x28576a]
C  [msvcr100.dll+0x21d9f]
C  [msvcr100.dll+0x21e3b]
C  [KERNEL32.DLL+0x17bd4]
C  [ntdll.dll+0x6ce51]


Current CompileTask:
C2:3673392  599 % !   4       sun.java2d.d3d.D3DScreenUpdateManager::run @ 0 (267 bytes)


---------------  P R O C E S S  ---------------

Java Threads: ( => current thread )
  0x000000001428f000 JavaThread "TimerQueue" daemon [_thread_blocked, id=16708, stack(0x000000001e550000,0x000000001e650000)]
  0x0000000001fd0800 JavaThread "DestroyJavaVM" [_thread_blocked, id=15752, stack(0x0000000001ed0000,0x0000000001fd0000)]
  0x0000000015ee9800 JavaThread "D3D Screen Updater" daemon [_thread_blocked, id=16332, stack(0x000000001c330000,0x000000001c430000)]
  0x0000000015e95000 JavaThread "AWT-EventQueue-0" [_thread_blocked, id=16916, stack(0x000000001be30000,0x000000001bf30000)]
  0x0000000015e58000 JavaThread "AWT-Windows" daemon [_thread_in_native, id=16516, stack(0x0000000016530000,0x0000000016630000)]
  0x0000000015e57000 JavaThread "AWT-Shutdown" [_thread_blocked, id=16512, stack(0x0000000016430000,0x0000000016530000)]
  0x0000000015e51000 JavaThread "Java2D Disposer" daemon [_thread_blocked, id=7008, stack(0x0000000016330000,0x0000000016430000)]
  0x00000000142fb000 JavaThread "Service Thread" daemon [_thread_blocked, id=16504, stack(0x0000000015f00000,0x0000000016000000)]
  0x00000000142a6000 JavaThread "C1 CompilerThread2" daemon [_thread_blocked, id=16488, stack(0x0000000015a00000,0x0000000015b00000)]
  0x00000000142a4800 JavaThread "C2 CompilerThread1" daemon [_thread_blocked, id=16476, stack(0x0000000015900000,0x0000000015a00000)]
=>0x000000001429c000 JavaThread "C2 CompilerThread0" daemon [_thread_in_native, id=15960, stack(0x0000000015800000,0x0000000015900000)]
  0x000000001429a800 JavaThread "Attach Listener" daemon [_thread_blocked, id=15768, stack(0x0000000015700000,0x0000000015800000)]
  0x0000000014299000 JavaThread "Signal Dispatcher" daemon [_thread_blocked, id=15260, stack(0x0000000015600000,0x0000000015700000)]
  0x00000000020c2000 JavaThread "Finalizer" daemon [_thread_blocked, id=16976, stack(0x0000000015500000,0x0000000015600000)]
  0x00000000020b9000 JavaThread "Reference Handler" daemon [_thread_blocked, id=16400, stack(0x0000000015400000,0x0000000015500000)]

Other Threads:
  0x0000000014266000 VMThread [stack: 0x0000000015300000,0x0000000015400000] [id=16056]
  0x0000000015b31000 WatcherThread [stack: 0x0000000016000000,0x0000000016100000] [id=16508]

VM state:not at safepoint (normal execution)

VM Mutex/Monitor currently owned by a thread: None

Heap:
 PSYoungGen      total 16896K, used 6535K [0x00000000ed800000, 0x00000000eea80000, 0x0000000100000000)
  eden space 14848K, 44% used [0x00000000ed800000,0x00000000ede61d50,0x00000000ee680000)
  from space 2048K, 0% used [0x00000000ee880000,0x00000000ee880000,0x00000000eea80000)
  to   space 2048K, 0% used [0x00000000ee680000,0x00000000ee680000,0x00000000ee880000)
 ParOldGen       total 38400K, used 0K [0x00000000c8800000, 0x00000000cad80000, 0x00000000ed800000)
  object space 38400K, 0% used [0x00000000c8800000,0x00000000c8800000,0x00000000cad80000)
 Metaspace       used 9951K, capacity 10104K, committed 10368K, reserved 1058816K
  class space    used 1291K, capacity 1352K, committed 1408K, reserved 1048576K

Card table byte_map: [0x0000000011490000,0x0000000011650000] byte_map_base: 0x0000000010e4c000

Marking Bits: (ParMarkBitMap*) 0x00000000571bd4f0
 Begin Bits: [0x0000000011b80000, 0x0000000012960000)
 End Bits:   [0x0000000012960000, 0x0000000013740000)

Polling page: 0x00000000004f0000

CodeCache: size=245760Kb used=2545Kb max_used=2560Kb free=243214Kb
 bounds [0x00000000020d0000, 0x0000000002360000, 0x00000000110d0000]
 total_blobs=1063 nmethods=597 adapters=381
 compilation: enabled

Compilation events (10 events):
Event: 2024.661 Thread 0x00000000142a6000 nmethod 594% 0x0000000002342a50 code [0x0000000002342e00, 0x0000000002345738]
Event: 2059.028 Thread 0x00000000142a6000  595 % !   3       sun.java2d.d3d.D3DScreenUpdateManager::run @ 105 (267 bytes)
Event: 2059.034 Thread 0x00000000142a6000 nmethod 595% 0x00000000023470d0 code [0x00000000023474a0, 0x0000000002349e38]
Event: 2093.343 Thread 0x00000000142a6000  596   !   3       sun.java2d.d3d.D3DScreenUpdateManager::run (267 bytes)
Event: 2093.353 Thread 0x00000000142a6000 nmethod 596 0x000000000234b890 code [0x000000000234bc40, 0x000000000234e518]
Event: 2144.852 Thread 0x00000000142a4800  597       4       sun.java2d.StateTrackableDelegate$1::isCurrent (17 bytes)
Event: 2144.854 Thread 0x00000000142a4800 nmethod 597 0x000000000233cad0 code [0x000000000233cc00, 0x000000000233cc78]
Event: 3397.961 Thread 0x00000000142a4800  598 % !   4       sun.java2d.d3d.D3DScreenUpdateManager::run @ 105 (267 bytes)
Event: 3400.508 Thread 0x00000000142a4800 nmethod 598% 0x000000000234fe50 code [0x0000000002350020, 0x0000000002350ff0]
Event: 3672.452 Thread 0x000000001429c000  599 % !   4       sun.java2d.d3d.D3DScreenUpdateManager::run @ 0 (267 bytes)

GC Heap History (0 events):
No events

Deoptimization events (3 events):
Event: 6.093 Thread 0x0000000015e95000 Uncommon trap: reason=class_check action=maybe_recompile pc=0x0000000002284a9c method=java.lang.String.equals(Ljava/lang/Object;)Z @ 8
Event: 6.093 Thread 0x0000000015e95000 Uncommon trap: reason=class_check action=maybe_recompile pc=0x0000000002284a9c method=java.lang.String.equals(Ljava/lang/Object;)Z @ 8
Event: 6.093 Thread 0x0000000015e95000 Uncommon trap: reason=class_check action=maybe_recompile pc=0x0000000002284a9c method=java.lang.String.equals(Ljava/lang/Object;)Z @ 8

Internal exceptions (10 events):
Event: 0.591 Thread 0x0000000001fd0800 Exception <a 'java/io/FileNotFoundException'> (0x00000000ed8d2860) thrown at [C:\workspace\8-2-build-windows-amd64-cygwin\jdk8u31\2394\hotspot\src\share\vm\prims\jni.cpp, line 716]
Event: 0.663 Thread 0x0000000001fd0800 Exception <a 'java/io/FileNotFoundException'> (0x00000000ed93c700) thrown at [C:\workspace\8-2-build-windows-amd64-cygwin\jdk8u31\2394\hotspot\src\share\vm\prims\jni.cpp, line 716]
Event: 0.703 Thread 0x0000000001fd0800 Exception <a 'java/lang/ClassNotFoundException': java/lang/Null> (0x00000000ed958758) thrown at [C:\workspace\8-2-build-windows-amd64-cygwin\jdk8u31\2394\hotspot\src\share\vm\classfile\systemDictionary.cpp, line 202]
Event: 0.755 Thread 0x0000000001fd0800 Exception <a 'java/lang/NoSuchFieldError': method resolution failed> (0x00000000ed9bc750) thrown at [C:\workspace\8-2-build-windows-amd64-cygwin\jdk8u31\2394\hotspot\src\share\vm\prims\methodHandles.cpp, line 1159]
Event: 0.762 Thread 0x0000000001fd0800 Exception <a 'java/lang/NoSuchFieldError': method resolution failed> (0x00000000ed9cb688) thrown at [C:\workspace\8-2-build-windows-amd64-cygwin\jdk8u31\2394\hotspot\src\share\vm\prims\methodHandles.cpp, line 1159]
Event: 0.766 Thread 0x0000000001fd0800 Exception <a 'java/lang/NoSuchFieldError': method resolution failed> (0x00000000ed9ceb08) thrown at [C:\workspace\8-2-build-windows-amd64-cygwin\jdk8u31\2394\hotspot\src\share\vm\prims\methodHandles.cpp, line 1159]
Event: 2.409 Thread 0x0000000001fd0800 Exception <a 'java/security/PrivilegedActionException'> (0x00000000edab4288) thrown at [C:\workspace\8-2-build-windows-amd64-cygwin\jdk8u31\2394\hotspot\src\share\vm\prims\jvm.cpp, line 1312]
Event: 2.410 Thread 0x0000000001fd0800 Exception <a 'java/security/PrivilegedActionException'> (0x00000000edab5088) thrown at [C:\workspace\8-2-build-windows-amd64-cygwin\jdk8u31\2394\hotspot\src\share\vm\prims\jvm.cpp, line 1312]
Event: 2.413 Thread 0x0000000001fd0800 Exception <a 'java/security/PrivilegedActionException'> (0x00000000edab9628) thrown at [C:\workspace\8-2-build-windows-amd64-cygwin\jdk8u31\2394\hotspot\src\share\vm\prims\jvm.cpp, line 1312]
Event: 2.413 Thread 0x0000000001fd0800 Exception <a 'java/security/PrivilegedActionException'> (0x00000000edaba428) thrown at [C:\workspace\8-2-build-windows-amd64-cygwin\jdk8u31\2394\hotspot\src\share\vm\prims\jvm.cpp, line 1312]

Events (10 events):
Event: 6.235 loading class java/awt/LightweightDispatcher$2
Event: 6.236 loading class java/awt/LightweightDispatcher$2 done
Event: 6.632 loading class javax/swing/Timer$1
Event: 6.632 loading class javax/swing/Timer$1 done
Event: 8.634 loading class java/awt/Canvas
Event: 8.696 loading class java/awt/Canvas done
Event: 8.696 loading class java/awt/Scrollbar
Event: 8.742 loading class java/awt/Adjustable
Event: 8.742 loading class java/awt/Adjustable done
Event: 8.742 loading class java/awt/Scrollbar done


Dynamic libraries:
0x00007ff640ef0000 - 0x00007ff640f24000 	C:\Program Files\Java\jre1.8.0_31\bin\javaw.exe
0x00007ffec7ce0000 - 0x00007ffec7ed0000 	C:\WINDOWS\SYSTEM32\ntdll.dll
0x00007ffeb8c30000 - 0x00007ffeb8c43000 	C:\Program Files\AVAST Software\Avast\aswhook.dll
0x00007ffec7260000 - 0x00007ffec7312000 	C:\WINDOWS\System32\KERNEL32.DLL
0x00007ffec4e40000 - 0x00007ffec50e4000 	C:\WINDOWS\System32\KERNELBASE.dll
0x00007ffec7790000 - 0x00007ffec7833000 	C:\WINDOWS\System32\ADVAPI32.dll
0x00007ffec76f0000 - 0x00007ffec778e000 	C:\WINDOWS\System32\msvcrt.dll
0x00007ffec6de0000 - 0x00007ffec6e77000 	C:\WINDOWS\System32\sechost.dll
0x00007ffec7380000 - 0x00007ffec74a0000 	C:\WINDOWS\System32\RPCRT4.dll
0x00007ffec6930000 - 0x00007ffec6ac4000 	C:\WINDOWS\System32\USER32.dll
0x00007ffec5ce0000 - 0x00007ffec5d01000 	C:\WINDOWS\System32\win32u.dll
0x00007ffec7840000 - 0x00007ffec7866000 	C:\WINDOWS\System32\GDI32.dll
0x00007ffec52a0000 - 0x00007ffec5435000 	C:\WINDOWS\System32\gdi32full.dll
0x00007ffec5c40000 - 0x00007ffec5cde000 	C:\WINDOWS\System32\msvcp_win.dll
0x00007ffec4c70000 - 0x00007ffec4d6a000 	C:\WINDOWS\System32\ucrtbase.dll
0x00007ffeb58b0000 - 0x00007ffeb5b34000 	C:\WINDOWS\WinSxS\amd64_microsoft.windows.common-controls_6595b64144ccf1df_6.0.18362.900_none_e6beb9d913147d17\COMCTL32.dll
0x00007ffec6eb0000 - 0x00007ffec71e5000 	C:\WINDOWS\System32\combase.dll
0x00007ffec5440000 - 0x00007ffec54c0000 	C:\WINDOWS\System32\bcryptPrimitives.dll
0x00007ffec6e80000 - 0x00007ffec6eae000 	C:\WINDOWS\System32\IMM32.DLL
0x0000000056900000 - 0x00000000569d2000 	C:\Program Files\Java\jre1.8.0_31\bin\msvcr100.dll
0x00000000569e0000 - 0x000000005723a000 	C:\Program Files\Java\jre1.8.0_31\bin\server\jvm.dll
0x00007ffec6230000 - 0x00007ffec6238000 	C:\WINDOWS\System32\PSAPI.DLL
0x00007ffeb46f0000 - 0x00007ffeb46f9000 	C:\WINDOWS\SYSTEM32\WSOCK32.dll
0x00007ffec7c30000 - 0x00007ffec7c9f000 	C:\WINDOWS\System32\WS2_32.dll
0x00007ffec1890000 - 0x00007ffec18b4000 	C:\WINDOWS\SYSTEM32\WINMM.dll
0x00007ffec1860000 - 0x00007ffec188d000 	C:\WINDOWS\SYSTEM32\WINMMBASE.dll
0x00007ffec5d10000 - 0x00007ffec5d5a000 	C:\WINDOWS\System32\cfgmgr32.dll
0x00000000568f0000 - 0x00000000568ff000 	C:\Program Files\Java\jre1.8.0_31\bin\verify.dll
0x00000000568c0000 - 0x00000000568e8000 	C:\Program Files\Java\jre1.8.0_31\bin\java.dll
0x00000000568a0000 - 0x00000000568b6000 	C:\Program Files\Java\jre1.8.0_31\bin\zip.dll
0x00007ffec6240000 - 0x00007ffec6926000 	C:\WINDOWS\System32\SHELL32.dll
0x00007ffec6d30000 - 0x00007ffec6dd9000 	C:\WINDOWS\System32\shcore.dll
0x00007ffec54c0000 - 0x00007ffec5c40000 	C:\WINDOWS\System32\windows.storage.dll
0x00007ffec4c20000 - 0x00007ffec4c43000 	C:\WINDOWS\System32\profapi.dll
0x00007ffec4bd0000 - 0x00007ffec4c1a000 	C:\WINDOWS\System32\powrprof.dll
0x00007ffec4ba0000 - 0x00007ffec4bb0000 	C:\WINDOWS\System32\UMPDC.dll
0x00007ffec7a20000 - 0x00007ffec7a72000 	C:\WINDOWS\System32\shlwapi.dll
0x00007ffec4bb0000 - 0x00007ffec4bc1000 	C:\WINDOWS\System32\kernel.appcore.dll
0x00007ffec4d70000 - 0x00007ffec4d87000 	C:\WINDOWS\System32\cryptsp.dll
0x0000000056660000 - 0x00000000567f8000 	C:\Program Files\Java\jre1.8.0_31\bin\awt.dll
0x00007ffec7570000 - 0x00007ffec7635000 	C:\WINDOWS\System32\OLEAUT32.dll
0x00007ffec2e10000 - 0x00007ffec2e9f000 	C:\WINDOWS\SYSTEM32\apphelp.dll
0x00007ffec3510000 - 0x00007ffec353d000 	C:\WINDOWS\system32\DWMAPI.DLL
0x00007ffec2f10000 - 0x00007ffec2fa9000 	C:\WINDOWS\system32\uxtheme.dll
0x00007ffec7af0000 - 0x00007ffec7c25000 	C:\WINDOWS\System32\MSCTF.dll
0x00007ffec6ad0000 - 0x00007ffec6c27000 	C:\WINDOWS\System32\ole32.dll
0x00007ffe9e4e0000 - 0x00007ffe9e6a7000 	C:\WINDOWS\system32\d3d9.dll
0x00007ffec3810000 - 0x00007ffec3830000 	C:\WINDOWS\SYSTEM32\dxcore.dll
0x00007ffebc560000 - 0x00007ffebc73d000 	C:\WINDOWS\System32\DriverStore\FileRepository\c0346830.inf_amd64_f723e13ffb3b2652\B345901\aticfx64.dll
0x00007ffebc550000 - 0x00007ffebc55a000 	C:\WINDOWS\SYSTEM32\VERSION.dll
0x00007ffe90210000 - 0x00007ffe90240000 	C:\WINDOWS\System32\DriverStore\FileRepository\c0346830.inf_amd64_f723e13ffb3b2652\B345901\atiu9p64.dll
0x00007ffe83020000 - 0x00007ffe83cee000 	C:\WINDOWS\System32\DriverStore\FileRepository\c0346830.inf_amd64_f723e13ffb3b2652\B345901\atiumd64.dll
0x00007ffeb68b0000 - 0x00007ffeb6aa4000 	C:\WINDOWS\SYSTEM32\dbghelp.dll
0x00007ffeb6880000 - 0x00007ffeb68aa000 	C:\WINDOWS\SYSTEM32\dbgcore.DLL
0x0000000057240000 - 0x0000000057fd4000 	C:\WINDOWS\System32\DriverStore\FileRepository\c0346830.inf_amd64_f723e13ffb3b2652\B345901\atiumd6a.dll
0x00007ffebc4d0000 - 0x00007ffebc4fb000 	C:\WINDOWS\SYSTEM32\amdihk64.dll
0x00000000582e0000 - 0x0000000058327000 	C:\Program Files\Java\jre1.8.0_31\bin\fontmanager.dll
0x00007ffec7640000 - 0x00007ffec76e2000 	C:\WINDOWS\System32\clbcatq.dll
0x00007ffebf730000 - 0x00007ffebf8df000 	C:\WINDOWS\SYSTEM32\WindowsCodecs.dll
0x00007ffebd8c0000 - 0x00007ffebd8fa000 	C:\WINDOWS\system32\dataexchange.dll
0x00007ffec20d0000 - 0x00007ffec232b000 	C:\WINDOWS\system32\d3d11.dll
0x00007ffec2790000 - 0x00007ffec296c000 	C:\WINDOWS\system32\dcomp.dll
0x00007ffec38a0000 - 0x00007ffec398b000 	C:\WINDOWS\system32\dxgi.dll
0x00007ffec2fd0000 - 0x00007ffec3231000 	C:\WINDOWS\system32\twinapi.appcore.dll
0x00007ffec3420000 - 0x00007ffec3449000 	C:\WINDOWS\system32\RMCLIENT.dll
0x00007ffebb430000 - 0x00007ffebb4ce000 	C:\WINDOWS\System32\TextInputFramework.dll
0x00007ffebfaf0000 - 0x00007ffebfe1a000 	C:\WINDOWS\System32\CoreUIComponents.dll
0x00007ffec1e80000 - 0x00007ffec1f54000 	C:\WINDOWS\System32\CoreMessaging.dll
0x00007ffec3c00000 - 0x00007ffec3c31000 	C:\WINDOWS\SYSTEM32\ntmarta.dll
0x00007ffec0540000 - 0x00007ffec0693000 	C:\WINDOWS\SYSTEM32\wintypes.dll
0x0000000056880000 - 0x000000005689a000 	C:\Program Files\Java\jre1.8.0_31\bin\net.dll
0x00007ffec4400000 - 0x00007ffec4467000 	C:\WINDOWS\system32\mswsock.dll
0x0000000056860000 - 0x0000000056871000 	C:\Program Files\Java\jre1.8.0_31\bin\nio.dll
0x0000000056610000 - 0x0000000056651000 	C:\Program Files\Java\jre1.8.0_31\bin\t2k.dll
0x00007ffeb86c0000 - 0x00007ffeb8966000 	C:\WINDOWS\System32\iertutil.dll

VM Arguments:
jvm_args: -Dfile.encoding=Cp1252 
java_command: mypack.Main1
java_class_path (initial): C:\Users\hp\MyData\tic-toe1\bin
Launcher Type: SUN_STANDARD

Environment Variables:
PATH=C:/Program Files/Java/jre1.8.0_31/bin/server;C:/Program Files/Java/jre1.8.0_31/bin;C:/Program Files/Java/jre1.8.0_31/lib/amd64;C:\ProgramData\py;C:\ProgramData\py\Library\mingw-w64\bin;C:\ProgramData\py\Library\usr\bin;C:\ProgramData\py\Library\bin;C:\ProgramData\py\Scripts;C:\ProgramData\Anaconda3;C:\ProgramData\Anaconda3\Library\mingw-w64\bin;C:\ProgramData\Anaconda3\Library\usr\bin;C:\ProgramData\Anaconda3\Library\bin;C:\ProgramData\Anaconda3\Scripts;C:\oraclexe\app\oracle\product\10.2.0\server\bin;C:\ProgramData\Oracle\Java\javapath;C:\Program Files\Java\jdk-1.8.0_31\bin\bin;C:\WINDOWS\system32;C:\WINDOWS;C:\WINDOWS\System32\Wbem;C:\WINDOWS\System32\WindowsPowerShell\v1.0\;C:\WINDOWS\System32\OpenSSH\;C:\Program Files\Java\jdk1.8.0_31\bin;;D:\eclipse-jee-mars-2-win32-x86_64\eclipse;
USERNAME=hp
OS=Windows_NT
PROCESSOR_IDENTIFIER=AMD64 Family 22 Model 48 Stepping 1, AuthenticAMD



---------------  S Y S T E M  ---------------

OS: Windows 8.1 , 64 bit Build 9600 

CPU:total 4 (4 cores per cpu, 1 threads per core) family 22 model 48 stepping 1, cmov, cx8, fxsr, mmx, sse, sse2, sse3, ssse3, sse4.1, sse4.2, popcnt, avx, aes, clmul, mmxext, 3dnowpref, lzcnt, sse4a, tsc, tscinvbit, tscinv, bmi1

Memory: 4k page, physical 3630192k(546400k free), swap 14640240k(372k free)

vm_info: Java HotSpot(TM) 64-Bit Server VM (25.31-b07) for windows-amd64 JRE (1.8.0_31-b13), built on Dec 17 2014 21:00:28 by "java_re" with MS VC++ 10.0 (VS2010)

time: Sat Jul 11 15:19:35 2020
elapsed time: 3673 seconds (0d 1h 1m 13s)

