#
# There is insufficient memory for the Java Runtime Environment to continue.
# Native memory allocation (malloc) failed to allocate 1048576 bytes for AllocateHeap
# Possible reasons:
#   The system is out of physical RAM or swap space
#   In 32 bit mode, the process size limit was hit
# Possible solutions:
#   Reduce memory load on the system
#   Increase physical memory or swap space
#   Check if swap backing store is full
#   Use 64 bit Java on a 64 bit OS
#   Decrease Java heap size (-Xmx/-Xms)
#   Decrease number of Java threads
#   Decrease Java thread stack sizes (-Xss)
#   Set larger code cache with -XX:ReservedCodeCacheSize=
# This output file may be truncated or incomplete.
#
#  Out of Memory Error (memory/allocation.inline.hpp:62), pid=18052, tid=17932
#
# JRE version:  (8.0_31-b13) (build )
# Java VM: Java HotSpot(TM) 64-Bit Server VM (25.31-b07 mixed mode windows-amd64 compressed oops)
# Failed to write core dump. Minidumps are not enabled by default on client versions of Windows
#

---------------  T H R E A D  ---------------

Current thread (0x0000000002f40800):  JavaThread "Unknown thread" [_thread_in_vm, id=17932, stack(0x0000000002e10000,0x0000000002f10000)]

Stack: [0x0000000002e10000,0x0000000002f10000]
Native frames: (J=compiled Java code, j=interpreted, Vv=VM code, C=native code)
V  [jvm.dll+0x3169ba]
V  [jvm.dll+0x2674c3]
V  [jvm.dll+0x268103]
V  [jvm.dll+0x25f8f5]
V  [jvm.dll+0x3df90f]
V  [jvm.dll+0x3e044f]
V  [jvm.dll+0x3e0564]
V  [jvm.dll+0x3e0733]
V  [jvm.dll+0xe54d2]
V  [jvm.dll+0x1fa089]
V  [jvm.dll+0x22b694]
V  [jvm.dll+0x14d8c1]
C  [javaw.exe+0x20c6]
C  [javaw.exe+0xc9eb]
C  [javaw.exe+0xca7f]
C  [KERNEL32.DLL+0x17bd4]
C  [ntdll.dll+0x6ce51]


---------------  P R O C E S S  ---------------

Java Threads: ( => current thread )

Other Threads:

=>0x0000000002f40800 (exited) JavaThread "Unknown thread" [_thread_in_vm, id=17932, stack(0x0000000002e10000,0x0000000002f10000)]

VM state:not at safepoint (normal execution)

VM Mutex/Monitor currently owned by a thread: None

Heap:
 PSYoungGen      total 16896K, used 296K [0x00000000ed800000, 0x00000000eea80000, 0x0000000100000000)
  eden space 14848K, 2% used [0x00000000ed800000,0x00000000ed84a3e0,0x00000000ee680000)
  from space 2048K, 0% used [0x00000000ee880000,0x00000000ee880000,0x00000000eea80000)
  to   space 2048K, 0% used [0x00000000ee680000,0x00000000ee680000,0x00000000ee880000)
 ParOldGen       total 38400K, used 0K [0x00000000c8800000, 0x00000000cad80000, 0x00000000ed800000)
  object space 38400K, 0% used [0x00000000c8800000,0x00000000c8800000,0x00000000cad80000)
 Metaspace       used 657K, capacity 4480K, committed 4480K, reserved 1056768K
  class space    used 67K, capacity 384K, committed 384K, reserved 1048576K

Card table byte_map: [0x0000000012400000,0x00000000125c0000] byte_map_base: 0x0000000011dbc000

Marking Bits: (ParMarkBitMap*) 0x00000000571bd4f0
 Begin Bits: [0x0000000012af0000, 0x00000000138d0000)
 End Bits:   [0x00000000138d0000, 0x00000000146b0000)

Polling page: 0x0000000001580000

CodeCache: size=245760Kb used=326Kb max_used=326Kb free=245433Kb
 bounds [0x0000000003040000, 0x00000000032b0000, 0x0000000012040000]
 total_blobs=55 nmethods=0 adapters=37
 compilation: enabled

Compilation events (0 events):
No events

GC Heap History (0 events):
No events

Deoptimization events (0 events):
No events

Internal exceptions (0 events):
No events

Events (10 events):
Event: 0.089 loading class java/lang/Short
Event: 0.089 loading class java/lang/Short done
Event: 0.089 loading class java/lang/Integer
Event: 0.089 loading class java/lang/Integer done
Event: 0.089 loading class java/lang/Long
Event: 0.090 loading class java/lang/Long done
Event: 0.092 loading class java/lang/NullPointerException
Event: 0.092 loading class java/lang/NullPointerException done
Event: 0.092 loading class java/lang/ArithmeticException
Event: 0.092 loading class java/lang/ArithmeticException done


Dynamic libraries:
0x00007ff640ef0000 - 0x00007ff640f24000 	C:\Program Files\Java\jre1.8.0_31\bin\javaw.exe
0x00007ffec7ce0000 - 0x00007ffec7ed0000 	C:\WINDOWS\SYSTEM32\ntdll.dll
0x00007ffeb8c30000 - 0x00007ffeb8c43000 	C:\Program Files\AVAST Software\Avast\aswhook.dll
0x00007ffec7260000 - 0x00007ffec7312000 	C:\WINDOWS\System32\KERNEL32.DLL
0x00007ffec4e40000 - 0x00007ffec50e4000 	C:\WINDOWS\System32\KERNELBASE.dll
0x00007ffec7790000 - 0x00007ffec7833000 	C:\WINDOWS\System32\ADVAPI32.dll
0x00007ffec76f0000 - 0x00007ffec778e000 	C:\WINDOWS\System32\msvcrt.dll
0x00007ffec6de0000 - 0x00007ffec6e77000 	C:\WINDOWS\System32\sechost.dll
0x00007ffec7380000 - 0x00007ffec74a0000 	C:\WINDOWS\System32\RPCRT4.dll
0x00007ffec6930000 - 0x00007ffec6ac4000 	C:\WINDOWS\System32\USER32.dll
0x00007ffec5ce0000 - 0x00007ffec5d01000 	C:\WINDOWS\System32\win32u.dll
0x00007ffec7840000 - 0x00007ffec7866000 	C:\WINDOWS\System32\GDI32.dll
0x00007ffec52a0000 - 0x00007ffec5435000 	C:\WINDOWS\System32\gdi32full.dll
0x00007ffec5c40000 - 0x00007ffec5cde000 	C:\WINDOWS\System32\msvcp_win.dll
0x00007ffec4c70000 - 0x00007ffec4d6a000 	C:\WINDOWS\System32\ucrtbase.dll
0x00007ffeb58b0000 - 0x00007ffeb5b34000 	C:\WINDOWS\WinSxS\amd64_microsoft.windows.common-controls_6595b64144ccf1df_6.0.18362.900_none_e6beb9d913147d17\COMCTL32.dll
0x00007ffec6eb0000 - 0x00007ffec71e5000 	C:\WINDOWS\System32\combase.dll
0x00007ffec5440000 - 0x00007ffec54c0000 	C:\WINDOWS\System32\bcryptPrimitives.dll
0x00007ffec6e80000 - 0x00007ffec6eae000 	C:\WINDOWS\System32\IMM32.DLL
0x0000000056900000 - 0x00000000569d2000 	C:\Program Files\Java\jre1.8.0_31\bin\msvcr100.dll
0x00000000569e0000 - 0x000000005723a000 	C:\Program Files\Java\jre1.8.0_31\bin\server\jvm.dll
0x00007ffec6230000 - 0x00007ffec6238000 	C:\WINDOWS\System32\PSAPI.DLL
0x00007ffeb46f0000 - 0x00007ffeb46f9000 	C:\WINDOWS\SYSTEM32\WSOCK32.dll
0x00007ffec7c30000 - 0x00007ffec7c9f000 	C:\WINDOWS\System32\WS2_32.dll
0x00007ffec1890000 - 0x00007ffec18b4000 	C:\WINDOWS\SYSTEM32\WINMM.dll
0x00007ffec1860000 - 0x00007ffec188d000 	C:\WINDOWS\SYSTEM32\WINMMBASE.dll
0x00007ffec5d10000 - 0x00007ffec5d5a000 	C:\WINDOWS\System32\cfgmgr32.dll
0x00000000568f0000 - 0x00000000568ff000 	C:\Program Files\Java\jre1.8.0_31\bin\verify.dll
0x00000000568c0000 - 0x00000000568e8000 	C:\Program Files\Java\jre1.8.0_31\bin\java.dll
0x00000000568a0000 - 0x00000000568b6000 	C:\Program Files\Java\jre1.8.0_31\bin\zip.dll
0x00007ffeb68b0000 - 0x00007ffeb6aa4000 	C:\WINDOWS\SYSTEM32\dbghelp.dll

VM Arguments:
jvm_args: -Dfile.encoding=Cp1252 
java_command: mypack.Main1
java_class_path (initial): C:\Users\hp\MyData\tic-toe1\bin
Launcher Type: SUN_STANDARD

Environment Variables:
PATH=C:/Program Files/Java/jre1.8.0_31/bin/server;C:/Program Files/Java/jre1.8.0_31/bin;C:/Program Files/Java/jre1.8.0_31/lib/amd64;C:\ProgramData\py;C:\ProgramData\py\Library\mingw-w64\bin;C:\ProgramData\py\Library\usr\bin;C:\ProgramData\py\Library\bin;C:\ProgramData\py\Scripts;C:\ProgramData\Anaconda3;C:\ProgramData\Anaconda3\Library\mingw-w64\bin;C:\ProgramData\Anaconda3\Library\usr\bin;C:\ProgramData\Anaconda3\Library\bin;C:\ProgramData\Anaconda3\Scripts;C:\oraclexe\app\oracle\product\10.2.0\server\bin;C:\ProgramData\Oracle\Java\javapath;C:\Program Files\Java\jdk-1.8.0_31\bin\bin;C:\WINDOWS\system32;C:\WINDOWS;C:\WINDOWS\System32\Wbem;C:\WINDOWS\System32\WindowsPowerShell\v1.0\;C:\WINDOWS\System32\OpenSSH\;C:\Program Files\Java\jdk1.8.0_31\bin;;D:\eclipse-jee-mars-2-win32-x86_64\eclipse;
USERNAME=hp
OS=Windows_NT
PROCESSOR_IDENTIFIER=AMD64 Family 22 Model 48 Stepping 1, AuthenticAMD



---------------  S Y S T E M  ---------------

OS: Windows 8.1 , 64 bit Build 9600 

CPU:total 4 (4 cores per cpu, 1 threads per core) family 22 model 48 stepping 1, cmov, cx8, fxsr, mmx, sse, sse2, sse3, ssse3, sse4.1, sse4.2, popcnt, avx, aes, clmul, mmxext, 3dnowpref, lzcnt, sse4a, tsc, tscinvbit, tscinv, bmi1

Memory: 4k page, physical 3630192k(335244k free), swap 14640240k(6340k free)

vm_info: Java HotSpot(TM) 64-Bit Server VM (25.31-b07) for windows-amd64 JRE (1.8.0_31-b13), built on Dec 17 2014 21:00:28 by "java_re" with MS VC++ 10.0 (VS2010)

time: Sat Jul 11 15:17:31 2020
elapsed time: 2 seconds (0d 0h 0m 2s)

